2026-03-07 12:06:18 | INFO     | app.main:lifespan:68 - 正在启动应用...
2026-03-07 12:06:20 | WARNING  | app.main:lifespan:79 - 数据库初始化失败: (pymysql.err.OperationalError) (2003, "Can't connect to MySQL server on 'localhost' ([WinError 10061] 由于目标计算机积极拒绝，无法连接。)")
(Background on this error at: https://sqlalche.me/e/20/e3q8)
2026-03-07 12:06:20 | INFO     | app.main:lifespan:81 - 应用启动完成
2026-03-07 12:08:45 | INFO     | app.main:lifespan:86 - 正在关闭应用...
2026-03-07 12:08:45 | INFO     | app.main:lifespan:87 - 应用已关闭
2026-03-07 12:08:46 | INFO     | app.main:lifespan:68 - 正在启动应用...
2026-03-07 12:08:48 | WARNING  | app.main:lifespan:79 - 数据库初始化失败: (pymysql.err.OperationalError) (2003, "Can't connect to MySQL server on 'localhost' ([WinError 10061] 由于目标计算机积极拒绝，无法连接。)")
(Background on this error at: https://sqlalche.me/e/20/e3q8)
2026-03-07 12:08:48 | INFO     | app.main:lifespan:81 - 应用启动完成
2026-03-07 12:11:14 | INFO     | app.main:lifespan:86 - 正在关闭应用...
2026-03-07 12:11:14 | INFO     | app.main:lifespan:87 - 应用已关闭
2026-03-07 12:11:19 | INFO     | app.main:lifespan:77 - 正在启动应用...
2026-03-07 12:11:19 | INFO     | app.main:lifespan:86 - 数据库初始化完成
2026-03-07 12:11:19 | INFO     | app.main:lifespan:90 - 应用启动完成
2026-03-07 12:16:14 | INFO     | app.main:lifespan:95 - 正在关闭应用...
2026-03-07 12:16:14 | INFO     | app.main:lifespan:96 - 应用已关闭
2026-03-07 12:16:18 | INFO     | app.main:lifespan:77 - 正在启动应用...
2026-03-07 12:16:18 | INFO     | app.main:lifespan:86 - 数据库初始化完成
2026-03-07 12:16:18 | INFO     | app.main:lifespan:90 - 应用启动完成
2026-03-07 12:26:16 | INFO     | app.main:lifespan:77 - 正在启动应用...
2026-03-07 12:26:16 | INFO     | app.main:lifespan:86 - 数据库初始化完成
2026-03-07 12:26:16 | INFO     | app.main:lifespan:90 - 应用启动完成
2026-03-07 12:26:45 | INFO     | app.main:lifespan:77 - 正在启动应用...
2026-03-07 12:26:45 | INFO     | app.main:lifespan:86 - 数据库初始化完成
2026-03-07 12:26:45 | INFO     | app.main:lifespan:90 - 应用启动完成
2026-03-07 12:27:46 | INFO     | app.main:lifespan:77 - 正在启动应用...
2026-03-07 12:27:46 | INFO     | app.main:lifespan:86 - 数据库初始化完成
2026-03-07 12:27:46 | INFO     | app.main:lifespan:90 - 应用启动完成
2026-03-07 12:29:02 | INFO     | app.main:lifespan:77 - 正在启动应用...
2026-03-07 12:29:02 | INFO     | app.main:lifespan:86 - 数据库初始化完成
2026-03-07 12:29:02 | INFO     | app.main:lifespan:90 - 应用启动完成
2026-03-07 12:35:24 | INFO     | app.main:lifespan:95 - 正在关闭应用...
2026-03-07 12:35:24 | INFO     | app.main:lifespan:96 - 应用已关闭
2026-03-07 12:35:24 | INFO     | app.main:lifespan:95 - 正在关闭应用...
2026-03-07 12:35:24 | INFO     | app.main:lifespan:96 - 应用已关闭
2026-03-07 12:35:26 | INFO     | app.main:lifespan:77 - 正在启动应用...
2026-03-07 12:35:26 | INFO     | app.main:lifespan:86 - 数据库初始化完成
2026-03-07 12:35:26 | INFO     | app.main:lifespan:90 - 应用启动完成
2026-03-07 12:35:26 | INFO     | app.main:lifespan:77 - 正在启动应用...
2026-03-07 12:35:26 | INFO     | app.main:lifespan:86 - 数据库初始化完成
2026-03-07 12:35:26 | INFO     | app.main:lifespan:90 - 应用启动完成
2026-03-07 12:36:48 | INFO     | app.main:lifespan:95 - 正在关闭应用...
2026-03-07 12:36:48 | INFO     | app.main:lifespan:96 - 应用已关闭
2026-03-07 12:36:51 | INFO     | app.main:lifespan:77 - 正在启动应用...
2026-03-07 12:36:51 | INFO     | app.main:lifespan:86 - 数据库初始化完成
2026-03-07 12:36:51 | INFO     | app.main:lifespan:90 - 应用启动完成
2026-03-07 13:01:10 | INFO     | app.main:lifespan:95 - 正在关闭应用...
2026-03-07 13:01:10 | INFO     | app.main:lifespan:96 - 应用已关闭
2026-03-07 13:01:13 | INFO     | app.main:lifespan:77 - 正在启动应用...
2026-03-07 13:01:13 | INFO     | app.main:lifespan:86 - 数据库初始化完成
2026-03-07 13:01:13 | INFO     | app.main:lifespan:90 - 应用启动完成
2026-03-07 13:05:44 | INFO     | app.main:lifespan:77 - 正在启动应用...
2026-03-07 13:05:44 | INFO     | app.main:lifespan:86 - 数据库初始化完成
2026-03-07 13:05:44 | INFO     | app.main:lifespan:90 - 应用启动完成
2026-03-07 13:05:44 | INFO     | app.main:lifespan:95 - 正在关闭应用...
2026-03-07 13:05:44 | INFO     | app.main:lifespan:96 - 应用已关闭
2026-03-07 13:05:44 | INFO     | app.main:lifespan:77 - 正在启动应用...
2026-03-07 13:05:44 | INFO     | app.main:lifespan:86 - 数据库初始化完成
2026-03-07 13:05:44 | INFO     | app.main:lifespan:90 - 应用启动完成
2026-03-07 13:05:44 | INFO     | app.main:lifespan:95 - 正在关闭应用...
2026-03-07 13:05:44 | INFO     | app.main:lifespan:96 - 应用已关闭
2026-03-07 13:06:12 | INFO     | app.main:lifespan:95 - 正在关闭应用...
2026-03-07 13:06:12 | INFO     | app.main:lifespan:96 - 应用已关闭
2026-03-07 13:06:15 | INFO     | app.main:lifespan:77 - 正在启动应用...
2026-03-07 13:06:15 | INFO     | app.main:lifespan:86 - 数据库初始化完成
2026-03-07 13:06:15 | INFO     | app.main:lifespan:90 - 应用启动完成
2026-03-07 13:06:35 | INFO     | app.main:lifespan:77 - 正在启动应用...
2026-03-07 13:06:35 | INFO     | app.main:lifespan:86 - 数据库初始化完成
2026-03-07 13:06:35 | INFO     | app.main:lifespan:90 - 应用启动完成
2026-03-07 13:06:35 | INFO     | app.main:lifespan:95 - 正在关闭应用...
2026-03-07 13:06:35 | INFO     | app.main:lifespan:96 - 应用已关闭
2026-03-07 13:06:35 | INFO     | app.main:lifespan:77 - 正在启动应用...
2026-03-07 13:06:35 | INFO     | app.main:lifespan:86 - 数据库初始化完成
2026-03-07 13:06:35 | INFO     | app.main:lifespan:90 - 应用启动完成
2026-03-07 13:06:36 | INFO     | app.main:lifespan:95 - 正在关闭应用...
2026-03-07 13:06:36 | INFO     | app.main:lifespan:96 - 应用已关闭
2026-03-07 13:07:28 | INFO     | app.main:lifespan:95 - 正在关闭应用...
2026-03-07 13:07:28 | INFO     | app.main:lifespan:96 - 应用已关闭
2026-03-07 13:07:31 | INFO     | app.main:lifespan:77 - 正在启动应用...
2026-03-07 13:07:31 | INFO     | app.main:lifespan:86 - 数据库初始化完成
2026-03-07 13:07:31 | INFO     | app.main:lifespan:90 - 应用启动完成
2026-03-07 13:07:54 | INFO     | app.main:lifespan:95 - 正在关闭应用...
2026-03-07 13:07:54 | INFO     | app.main:lifespan:96 - 应用已关闭
2026-03-07 13:07:57 | INFO     | app.main:lifespan:77 - 正在启动应用...
2026-03-07 13:07:57 | INFO     | app.main:lifespan:86 - 数据库初始化完成
2026-03-07 13:07:57 | INFO     | app.main:lifespan:90 - 应用启动完成
2026-03-07 13:11:46 | INFO     | app.main:lifespan:95 - 正在关闭应用...
2026-03-07 13:11:46 | INFO     | app.main:lifespan:96 - 应用已关闭
2026-03-07 13:11:46 | INFO     | app.main:lifespan:95 - 正在关闭应用...
2026-03-07 13:11:46 | INFO     | app.main:lifespan:96 - 应用已关闭
2026-03-07 13:11:50 | INFO     | app.main:lifespan:77 - 正在启动应用...
2026-03-07 13:11:50 | INFO     | app.main:lifespan:86 - 数据库初始化完成
2026-03-07 13:11:50 | INFO     | app.main:lifespan:90 - 应用启动完成
2026-03-07 13:11:51 | INFO     | app.main:lifespan:77 - 正在启动应用...
2026-03-07 13:11:51 | INFO     | app.main:lifespan:86 - 数据库初始化完成
2026-03-07 13:11:51 | INFO     | app.main:lifespan:90 - 应用启动完成
2026-03-07 13:11:53 | INFO     | app.main:lifespan:77 - 正在启动应用...
2026-03-07 13:11:53 | INFO     | app.main:lifespan:86 - 数据库初始化完成
2026-03-07 13:11:53 | INFO     | app.main:lifespan:90 - 应用启动完成
2026-03-07 13:15:22 | INFO     | app.main:lifespan:77 - 正在启动应用...
2026-03-07 13:15:22 | INFO     | app.main:lifespan:86 - 数据库初始化完成
2026-03-07 13:15:22 | INFO     | app.main:lifespan:90 - 应用启动完成
2026-03-07 13:15:22 | INFO     | app.main:lifespan:95 - 正在关闭应用...
2026-03-07 13:15:22 | INFO     | app.main:lifespan:96 - 应用已关闭
2026-03-07 13:15:24 | INFO     | app.main:lifespan:77 - 正在启动应用...
2026-03-07 13:15:24 | INFO     | app.main:lifespan:86 - 数据库初始化完成
2026-03-07 13:15:24 | INFO     | app.main:lifespan:90 - 应用启动完成
2026-03-07 13:15:24 | INFO     | app.main:lifespan:95 - 正在关闭应用...
2026-03-07 13:15:24 | INFO     | app.main:lifespan:96 - 应用已关闭
2026-03-07 13:15:24 | INFO     | app.main:lifespan:77 - 正在启动应用...
2026-03-07 13:15:24 | INFO     | app.main:lifespan:86 - 数据库初始化完成
2026-03-07 13:15:24 | INFO     | app.main:lifespan:90 - 应用启动完成
2026-03-07 13:15:24 | INFO     | app.main:lifespan:95 - 正在关闭应用...
2026-03-07 13:15:24 | INFO     | app.main:lifespan:96 - 应用已关闭
2026-03-07 13:16:48 | INFO     | app.main:lifespan:95 - 正在关闭应用...
2026-03-07 13:16:48 | INFO     | app.main:lifespan:95 - 正在关闭应用...
2026-03-07 13:16:48 | INFO     | app.main:lifespan:96 - 应用已关闭
2026-03-07 13:16:48 | INFO     | app.main:lifespan:96 - 应用已关闭
2026-03-07 13:16:49 | INFO     | app.main:lifespan:95 - 正在关闭应用...
2026-03-07 13:16:49 | INFO     | app.main:lifespan:96 - 应用已关闭
2026-03-07 13:16:51 | INFO     | app.main:lifespan:77 - 正在启动应用...
2026-03-07 13:16:51 | INFO     | app.main:lifespan:86 - 数据库初始化完成
2026-03-07 13:16:51 | INFO     | app.main:lifespan:90 - 应用启动完成
2026-03-07 13:16:51 | INFO     | app.main:lifespan:77 - 正在启动应用...
2026-03-07 13:16:51 | INFO     | app.main:lifespan:86 - 数据库初始化完成
2026-03-07 13:16:51 | INFO     | app.main:lifespan:90 - 应用启动完成
2026-03-07 13:16:54 | INFO     | app.main:lifespan:77 - 正在启动应用...
2026-03-07 13:16:54 | INFO     | app.main:lifespan:86 - 数据库初始化完成
2026-03-07 13:16:54 | INFO     | app.main:lifespan:90 - 应用启动完成
2026-03-07 13:16:55 | INFO     | app.main:lifespan:77 - 正在启动应用...
2026-03-07 13:16:55 | INFO     | app.main:lifespan:77 - 正在启动应用...
2026-03-07 13:16:55 | INFO     | app.main:lifespan:86 - 数据库初始化完成
2026-03-07 13:16:55 | INFO     | app.main:lifespan:86 - 数据库初始化完成
2026-03-07 13:16:55 | INFO     | app.main:lifespan:90 - 应用启动完成
2026-03-07 13:16:55 | INFO     | app.main:lifespan:90 - 应用启动完成
2026-03-07 13:17:56 | INFO     | app.main:lifespan:95 - 正在关闭应用...
2026-03-07 13:17:56 | INFO     | app.main:lifespan:96 - 应用已关闭
2026-03-07 13:17:59 | INFO     | app.main:lifespan:77 - 正在启动应用...
2026-03-07 13:17:59 | INFO     | app.main:lifespan:86 - 数据库初始化完成
2026-03-07 13:17:59 | INFO     | app.main:lifespan:90 - 应用启动完成
2026-03-07 13:19:21 | INFO     | app.main:lifespan:77 - 正在启动应用...
2026-03-07 13:19:21 | INFO     | app.main:lifespan:86 - 数据库初始化完成
2026-03-07 13:19:21 | INFO     | app.main:lifespan:90 - 应用启动完成
2026-03-07 13:19:21 | INFO     | app.main:lifespan:95 - 正在关闭应用...
2026-03-07 13:19:21 | INFO     | app.main:lifespan:96 - 应用已关闭
2026-03-07 13:19:21 | INFO     | app.main:lifespan:77 - 正在启动应用...
2026-03-07 13:19:21 | INFO     | app.main:lifespan:86 - 数据库初始化完成
2026-03-07 13:19:21 | INFO     | app.main:lifespan:90 - 应用启动完成
2026-03-07 13:19:21 | INFO     | app.main:lifespan:95 - 正在关闭应用...
2026-03-07 13:19:21 | INFO     | app.main:lifespan:96 - 应用已关闭
2026-03-07 13:21:51 | INFO     | app.main:lifespan:95 - 正在关闭应用...
2026-03-07 13:21:51 | INFO     | app.main:lifespan:96 - 应用已关闭
2026-03-07 13:21:51 | INFO     | app.main:lifespan:95 - 正在关闭应用...
2026-03-07 13:21:51 | INFO     | app.main:lifespan:96 - 应用已关闭
2026-03-07 13:21:52 | INFO     | app.main:lifespan:95 - 正在关闭应用...
2026-03-07 13:21:52 | INFO     | app.main:lifespan:96 - 应用已关闭
2026-03-07 13:21:53 | INFO     | app.main:lifespan:77 - 正在启动应用...
2026-03-07 13:21:53 | INFO     | app.main:lifespan:86 - 数据库初始化完成
2026-03-07 13:21:53 | INFO     | app.main:lifespan:90 - 应用启动完成
2026-03-07 13:21:53 | INFO     | app.main:lifespan:77 - 正在启动应用...
2026-03-07 13:21:53 | INFO     | app.main:lifespan:86 - 数据库初始化完成
2026-03-07 13:21:53 | INFO     | app.main:lifespan:90 - 应用启动完成
2026-03-07 13:21:53 | INFO     | app.main:lifespan:77 - 正在启动应用...
2026-03-07 13:21:53 | INFO     | app.main:lifespan:86 - 数据库初始化完成
2026-03-07 13:21:53 | INFO     | app.main:lifespan:90 - 应用启动完成
2026-03-07 13:22:44 | INFO     | app.main:lifespan:95 - 正在关闭应用...
2026-03-07 13:22:44 | INFO     | app.main:lifespan:96 - 应用已关闭
2026-03-07 13:22:46 | INFO     | app.main:lifespan:77 - 正在启动应用...
2026-03-07 13:22:46 | INFO     | app.main:lifespan:86 - 数据库初始化完成
2026-03-07 13:22:46 | INFO     | app.main:lifespan:90 - 应用启动完成
2026-03-07 13:26:52 | INFO     | app.main:lifespan:95 - 正在关闭应用...
2026-03-07 13:26:52 | INFO     | app.main:lifespan:96 - 应用已关闭
2026-03-07 13:26:52 | INFO     | app.main:lifespan:95 - 正在关闭应用...
2026-03-07 13:26:52 | INFO     | app.main:lifespan:96 - 应用已关闭
2026-03-07 13:26:52 | INFO     | app.main:lifespan:95 - 正在关闭应用...
2026-03-07 13:26:52 | INFO     | app.main:lifespan:96 - 应用已关闭
2026-03-07 13:27:45 | INFO     | app.main:lifespan:95 - 正在关闭应用...
2026-03-07 13:27:45 | INFO     | app.main:lifespan:96 - 应用已关闭
2026-03-07 13:27:49 | INFO     | app.main:lifespan:77 - 正在启动应用...
2026-03-07 13:27:49 | INFO     | app.main:lifespan:86 - 数据库初始化完成
2026-03-07 13:27:49 | INFO     | app.main:lifespan:90 - 应用启动完成
2026-03-07 13:27:50 | INFO     | app.main:lifespan:77 - 正在启动应用...
2026-03-07 13:27:50 | INFO     | app.main:lifespan:86 - 数据库初始化完成
2026-03-07 13:27:50 | INFO     | app.main:lifespan:90 - 应用启动完成
2026-03-07 13:27:50 | INFO     | app.main:lifespan:95 - 正在关闭应用...
2026-03-07 13:27:50 | INFO     | app.main:lifespan:96 - 应用已关闭
2026-03-07 13:27:50 | INFO     | app.main:lifespan:77 - 正在启动应用...
2026-03-07 13:27:50 | INFO     | app.main:lifespan:86 - 数据库初始化完成
2026-03-07 13:27:50 | INFO     | app.main:lifespan:90 - 应用启动完成
2026-03-07 13:27:50 | INFO     | app.main:lifespan:95 - 正在关闭应用...
2026-03-07 13:27:50 | INFO     | app.main:lifespan:96 - 应用已关闭
2026-03-07 13:31:16 | INFO     | app.main:lifespan:77 - 正在启动应用...
2026-03-07 13:31:16 | INFO     | app.main:lifespan:86 - 数据库初始化完成
2026-03-07 13:31:16 | INFO     | app.main:lifespan:90 - 应用启动完成
2026-03-07 13:33:36 | INFO     | app.main:lifespan:77 - 正在启动应用...
2026-03-07 13:33:36 | INFO     | app.main:lifespan:86 - 数据库初始化完成
2026-03-07 13:33:36 | INFO     | app.main:lifespan:90 - 应用启动完成
2026-03-07 13:33:41 | INFO     | app.main:lifespan:95 - 正在关闭应用...
2026-03-07 13:33:41 | INFO     | app.main:lifespan:96 - 应用已关闭
2026-03-07 13:33:56 | INFO     | app.main:lifespan:77 - 正在启动应用...
2026-03-07 13:33:56 | INFO     | app.main:lifespan:86 - 数据库初始化完成
2026-03-07 13:33:56 | INFO     | app.main:lifespan:90 - 应用启动完成
2026-03-07 13:34:04 | INFO     | app.main:lifespan:77 - 正在启动应用...
2026-03-07 13:34:04 | INFO     | app.main:lifespan:86 - 数据库初始化完成
2026-03-07 13:34:04 | INFO     | app.main:lifespan:90 - 应用启动完成
2026-03-07 13:34:09 | INFO     | app.main:lifespan:95 - 正在关闭应用...
2026-03-07 13:34:09 | INFO     | app.main:lifespan:96 - 应用已关闭
2026-03-07 13:34:17 | INFO     | app.main:lifespan:77 - 正在启动应用...
2026-03-07 13:34:17 | INFO     | app.main:lifespan:86 - 数据库初始化完成
2026-03-07 13:34:17 | INFO     | app.main:lifespan:90 - 应用启动完成
2026-03-07 13:34:17 | INFO     | app.main:lifespan:95 - 正在关闭应用...
2026-03-07 13:34:17 | INFO     | app.main:lifespan:96 - 应用已关闭
2026-03-07 13:34:17 | INFO     | app.main:lifespan:77 - 正在启动应用...
2026-03-07 13:34:17 | INFO     | app.main:lifespan:86 - 数据库初始化完成
2026-03-07 13:34:17 | INFO     | app.main:lifespan:90 - 应用启动完成
2026-03-07 13:34:17 | INFO     | app.main:lifespan:95 - 正在关闭应用...
2026-03-07 13:34:17 | INFO     | app.main:lifespan:96 - 应用已关闭
2026-03-07 13:35:17 | INFO     | app.main:lifespan:95 - 正在关闭应用...
2026-03-07 13:35:17 | INFO     | app.main:lifespan:96 - 应用已关闭
2026-03-07 13:35:59 | INFO     | app.main:lifespan:77 - 正在启动应用...
2026-03-07 13:35:59 | INFO     | app.main:lifespan:86 - 数据库初始化完成
2026-03-07 13:35:59 | INFO     | app.main:lifespan:90 - 应用启动完成
2026-03-07 13:36:15 | INFO     | app.main:lifespan:95 - 正在关闭应用...
2026-03-07 13:36:15 | INFO     | app.main:lifespan:96 - 应用已关闭
2026-03-07 13:36:17 | INFO     | app.main:lifespan:77 - 正在启动应用...
2026-03-07 13:36:17 | INFO     | app.main:lifespan:86 - 数据库初始化完成
2026-03-07 13:36:17 | INFO     | app.main:lifespan:90 - 应用启动完成
2026-03-07 13:38:56 | INFO     | app.main:lifespan:77 - 正在启动应用...
2026-03-07 13:38:56 | INFO     | app.main:lifespan:86 - 数据库初始化完成
2026-03-07 13:38:56 | INFO     | app.main:lifespan:90 - 应用启动完成
2026-03-07 13:38:56 | INFO     | app.main:lifespan:95 - 正在关闭应用...
2026-03-07 13:38:56 | INFO     | app.main:lifespan:96 - 应用已关闭
2026-03-07 13:38:56 | INFO     | app.main:lifespan:77 - 正在启动应用...
2026-03-07 13:38:56 | INFO     | app.main:lifespan:86 - 数据库初始化完成
2026-03-07 13:38:56 | INFO     | app.main:lifespan:90 - 应用启动完成
2026-03-07 13:38:56 | INFO     | app.main:lifespan:95 - 正在关闭应用...
2026-03-07 13:38:56 | INFO     | app.main:lifespan:96 - 应用已关闭
2026-03-07 13:40:02 | INFO     | app.main:lifespan:95 - 正在关闭应用...
2026-03-07 13:40:02 | INFO     | app.main:lifespan:96 - 应用已关闭
2026-03-07 13:43:30 | INFO     | app.main:lifespan:77 - 正在启动应用...
2026-03-07 13:43:30 | INFO     | app.main:lifespan:86 - 数据库初始化完成
2026-03-07 13:43:30 | INFO     | app.main:lifespan:90 - 应用启动完成
2026-03-07 13:43:31 | INFO     | app.main:lifespan:77 - 正在启动应用...
2026-03-07 13:43:31 | INFO     | app.main:lifespan:86 - 数据库初始化完成
2026-03-07 13:43:31 | INFO     | app.main:lifespan:90 - 应用启动完成
2026-03-07 13:43:31 | INFO     | app.main:lifespan:95 - 正在关闭应用...
2026-03-07 13:43:31 | INFO     | app.main:lifespan:96 - 应用已关闭
2026-03-07 13:43:31 | INFO     | app.main:lifespan:77 - 正在启动应用...
2026-03-07 13:43:31 | INFO     | app.main:lifespan:86 - 数据库初始化完成
2026-03-07 13:43:31 | INFO     | app.main:lifespan:90 - 应用启动完成
2026-03-07 13:43:31 | INFO     | app.main:lifespan:95 - 正在关闭应用...
2026-03-07 13:43:31 | INFO     | app.main:lifespan:96 - 应用已关闭
2026-03-07 13:43:37 | INFO     | app.main:lifespan:95 - 正在关闭应用...
2026-03-07 13:43:37 | INFO     | app.main:lifespan:96 - 应用已关闭
2026-03-07 13:43:53 | INFO     | app.main:lifespan:95 - 正在关闭应用...
2026-03-07 13:43:53 | INFO     | app.main:lifespan:96 - 应用已关闭
2026-03-07 13:43:55 | INFO     | app.main:lifespan:77 - 正在启动应用...
2026-03-07 13:43:55 | INFO     | app.main:lifespan:86 - 数据库初始化完成
2026-03-07 13:43:55 | INFO     | app.main:lifespan:90 - 应用启动完成
2026-03-07 13:43:59 | INFO     | app.main:lifespan:77 - 正在启动应用...
2026-03-07 13:43:59 | INFO     | app.main:lifespan:86 - 数据库初始化完成
2026-03-07 13:43:59 | INFO     | app.main:lifespan:90 - 应用启动完成
2026-03-07 13:44:08 | INFO     | app.main:lifespan:77 - 正在启动应用...
2026-03-07 13:44:08 | INFO     | app.main:lifespan:86 - 数据库初始化完成
2026-03-07 13:44:08 | INFO     | app.main:lifespan:90 - 应用启动完成
2026-03-07 13:44:08 | INFO     | app.main:lifespan:95 - 正在关闭应用...
2026-03-07 13:44:08 | INFO     | app.main:lifespan:96 - 应用已关闭
2026-03-07 13:44:08 | INFO     | app.main:lifespan:77 - 正在启动应用...
2026-03-07 13:44:08 | INFO     | app.main:lifespan:86 - 数据库初始化完成
2026-03-07 13:44:08 | INFO     | app.main:lifespan:90 - 应用启动完成
2026-03-07 13:44:08 | INFO     | app.main:lifespan:95 - 正在关闭应用...
2026-03-07 13:44:08 | INFO     | app.main:lifespan:96 - 应用已关闭
2026-03-07 13:46:16 | INFO     | app.main:lifespan:95 - 正在关闭应用...
2026-03-07 13:46:16 | INFO     | app.main:lifespan:96 - 应用已关闭
2026-03-07 13:46:18 | INFO     | app.main:lifespan:77 - 正在启动应用...
2026-03-07 13:46:18 | INFO     | app.main:lifespan:86 - 数据库初始化完成
2026-03-07 13:46:18 | INFO     | app.main:lifespan:90 - 应用启动完成
2026-03-07 14:22:14 | INFO     | app.main:lifespan:77 - 正在启动应用...
2026-03-07 14:22:14 | INFO     | app.main:lifespan:86 - 数据库初始化完成
2026-03-07 14:22:14 | INFO     | app.main:lifespan:90 - 应用启动完成
2026-03-07 14:22:21 | INFO     | app.main:lifespan:77 - 正在启动应用...
2026-03-07 14:22:21 | INFO     | app.main:lifespan:86 - 数据库初始化完成
2026-03-07 14:22:21 | INFO     | app.main:lifespan:90 - 应用启动完成
2026-03-07 14:22:21 | INFO     | app.main:lifespan:95 - 正在关闭应用...
2026-03-07 14:22:21 | INFO     | app.main:lifespan:96 - 应用已关闭
2026-03-07 14:22:21 | INFO     | app.main:lifespan:77 - 正在启动应用...
2026-03-07 14:22:21 | INFO     | app.main:lifespan:86 - 数据库初始化完成
2026-03-07 14:22:21 | INFO     | app.main:lifespan:90 - 应用启动完成
2026-03-07 14:22:21 | INFO     | app.main:lifespan:95 - 正在关闭应用...
2026-03-07 14:22:21 | INFO     | app.main:lifespan:96 - 应用已关闭
2026-03-07 14:25:26 | INFO     | app.main:lifespan:95 - 正在关闭应用...
2026-03-07 14:25:26 | INFO     | app.main:lifespan:96 - 应用已关闭
2026-03-07 14:25:31 | INFO     | app.main:lifespan:77 - 正在启动应用...
2026-03-07 14:25:31 | INFO     | app.main:lifespan:86 - 数据库初始化完成
2026-03-07 14:25:31 | INFO     | app.main:lifespan:90 - 应用启动完成
2026-03-07 14:26:01 | INFO     | app.main:lifespan:95 - 正在关闭应用...
2026-03-07 14:26:01 | INFO     | app.main:lifespan:96 - 应用已关闭
2026-03-07 14:26:06 | INFO     | app.main:lifespan:77 - 正在启动应用...
2026-03-07 14:26:06 | INFO     | app.main:lifespan:86 - 数据库初始化完成
2026-03-07 14:26:06 | INFO     | app.main:lifespan:90 - 应用启动完成
2026-03-07 14:29:44 | INFO     | app.main:lifespan:77 - 正在启动应用...
2026-03-07 14:29:44 | INFO     | app.main:lifespan:86 - 数据库初始化完成
2026-03-07 14:29:44 | INFO     | app.main:lifespan:90 - 应用启动完成
2026-03-07 14:29:44 | INFO     | app.main:lifespan:95 - 正在关闭应用...
2026-03-07 14:29:44 | INFO     | app.main:lifespan:96 - 应用已关闭
2026-03-07 14:29:44 | INFO     | app.main:lifespan:77 - 正在启动应用...
2026-03-07 14:29:44 | INFO     | app.main:lifespan:86 - 数据库初始化完成
2026-03-07 14:29:44 | INFO     | app.main:lifespan:90 - 应用启动完成
2026-03-07 14:29:44 | INFO     | app.main:lifespan:95 - 正在关闭应用...
2026-03-07 14:29:44 | INFO     | app.main:lifespan:96 - 应用已关闭
2026-03-07 14:30:29 | INFO     | app.main:lifespan:95 - 正在关闭应用...
2026-03-07 14:30:29 | INFO     | app.main:lifespan:96 - 应用已关闭
2026-03-07 14:30:30 | INFO     | app.main:lifespan:77 - 正在启动应用...
2026-03-07 14:30:30 | INFO     | app.main:lifespan:86 - 数据库初始化完成
2026-03-07 14:30:30 | INFO     | app.main:lifespan:90 - 应用启动完成
2026-03-07 14:31:05 | INFO     | app.main:lifespan:95 - 正在关闭应用...
2026-03-07 14:31:05 | INFO     | app.main:lifespan:96 - 应用已关闭
2026-03-07 14:31:06 | INFO     | app.main:lifespan:77 - 正在启动应用...
2026-03-07 14:31:06 | INFO     | app.main:lifespan:86 - 数据库初始化完成
2026-03-07 14:31:06 | INFO     | app.main:lifespan:90 - 应用启动完成
2026-03-07 14:35:22 | INFO     | app.main:lifespan:77 - 正在启动应用...
2026-03-07 14:35:22 | INFO     | app.main:lifespan:86 - 数据库初始化完成
2026-03-07 14:35:22 | INFO     | app.main:lifespan:90 - 应用启动完成
2026-03-07 14:35:22 | INFO     | app.main:lifespan:95 - 正在关闭应用...
2026-03-07 14:35:22 | INFO     | app.main:lifespan:96 - 应用已关闭
2026-03-07 14:35:22 | INFO     | app.main:lifespan:77 - 正在启动应用...
2026-03-07 14:35:22 | INFO     | app.main:lifespan:86 - 数据库初始化完成
2026-03-07 14:35:22 | INFO     | app.main:lifespan:90 - 应用启动完成
2026-03-07 14:35:22 | INFO     | app.main:lifespan:95 - 正在关闭应用...
2026-03-07 14:35:22 | INFO     | app.main:lifespan:96 - 应用已关闭
2026-03-07 14:35:29 | INFO     | app.main:lifespan:95 - 正在关闭应用...
2026-03-07 14:35:29 | INFO     | app.main:lifespan:96 - 应用已关闭
2026-03-07 14:35:32 | INFO     | app.main:lifespan:77 - 正在启动应用...
2026-03-07 14:35:32 | INFO     | app.main:lifespan:86 - 数据库初始化完成
2026-03-07 14:35:32 | INFO     | app.main:lifespan:90 - 应用启动完成
2026-03-07 14:36:05 | INFO     | app.main:lifespan:95 - 正在关闭应用...
2026-03-07 14:36:05 | INFO     | app.main:lifespan:96 - 应用已关闭
2026-03-07 14:36:07 | INFO     | app.main:lifespan:77 - 正在启动应用...
2026-03-07 14:36:07 | INFO     | app.main:lifespan:86 - 数据库初始化完成
2026-03-07 14:36:07 | INFO     | app.main:lifespan:90 - 应用启动完成
2026-03-07 14:38:05 | INFO     | app.routes.wechat:verify_callback:25 - wechat verify request: timestamp=1772865485, nonce_len=6, echostr_len=12
2026-03-07 14:38:05 | INFO     | app.routes.wechat:verify_callback:36 - wechat verify success
2026-03-07 14:38:05 | INFO     | app.routes.wechat:verify_callback:25 - wechat verify request: timestamp=1772865485, nonce_len=6, echostr_len=12
2026-03-07 14:38:05 | WARNING  | app.routes.wechat:verify_callback:32 - wechat verify failed: signature mismatch
2026-03-07 14:39:39 | INFO     | app.main:lifespan:77 - 正在启动应用...
2026-03-07 14:39:39 | INFO     | app.main:lifespan:86 - 数据库初始化完成
2026-03-07 14:39:39 | INFO     | app.main:lifespan:90 - 应用启动完成
2026-03-07 14:39:39 | INFO     | app.main:lifespan:95 - 正在关闭应用...
2026-03-07 14:39:39 | INFO     | app.main:lifespan:96 - 应用已关闭
2026-03-07 14:39:39 | INFO     | app.main:lifespan:77 - 正在启动应用...
2026-03-07 14:39:39 | INFO     | app.main:lifespan:86 - 数据库初始化完成
2026-03-07 14:39:39 | INFO     | app.main:lifespan:90 - 应用启动完成
2026-03-07 14:39:39 | INFO     | app.main:lifespan:95 - 正在关闭应用...
2026-03-07 14:39:39 | INFO     | app.main:lifespan:96 - 应用已关闭
2026-03-07 14:39:52 | INFO     | app.routes.wechat:verify_callback:25 - wechat verify request: timestamp=1772865592, nonce_len=8, echostr_len=14
2026-03-07 14:39:52 | INFO     | app.routes.wechat:verify_callback:36 - wechat verify success
2026-03-07 14:39:52 | INFO     | app.routes.wechat:verify_callback:25 - wechat verify request: timestamp=1772865592, nonce_len=8, echostr_len=14
2026-03-07 14:39:52 | WARNING  | app.routes.wechat:verify_callback:32 - wechat verify failed: signature mismatch
2026-03-07 14:40:30 | INFO     | app.main:lifespan:95 - 正在关闭应用...
2026-03-07 14:40:30 | INFO     | app.main:lifespan:96 - 应用已关闭
2026-03-07 14:40:32 | INFO     | app.main:lifespan:77 - 正在启动应用...
2026-03-07 14:40:32 | INFO     | app.main:lifespan:86 - 数据库初始化完成
2026-03-07 14:40:32 | INFO     | app.main:lifespan:90 - 应用启动完成
2026-03-07 14:40:33 | INFO     | app.main:lifespan:77 - 正在启动应用...
2026-03-07 14:40:33 | INFO     | app.main:lifespan:86 - 数据库初始化完成
2026-03-07 14:40:33 | INFO     | app.main:lifespan:90 - 应用启动完成
2026-03-07 14:41:06 | INFO     | app.main:lifespan:95 - 正在关闭应用...
2026-03-07 14:41:06 | INFO     | app.main:lifespan:96 - 应用已关闭
2026-03-07 14:41:08 | INFO     | app.main:lifespan:77 - 正在启动应用...
2026-03-07 14:41:08 | INFO     | app.main:lifespan:86 - 数据库初始化完成
2026-03-07 14:41:08 | INFO     | app.main:lifespan:90 - 应用启动完成
2026-03-07 14:44:00 | INFO     | app.main:lifespan:77 - 正在启动应用...
2026-03-07 14:44:00 | INFO     | app.main:lifespan:86 - 数据库初始化完成
2026-03-07 14:44:00 | INFO     | app.main:lifespan:90 - 应用启动完成
2026-03-07 14:44:00 | INFO     | app.main:lifespan:95 - 正在关闭应用...
2026-03-07 14:44:00 | INFO     | app.main:lifespan:96 - 应用已关闭
2026-03-07 14:44:00 | INFO     | app.main:lifespan:77 - 正在启动应用...
2026-03-07 14:44:00 | INFO     | app.main:lifespan:86 - 数据库初始化完成
2026-03-07 14:44:00 | INFO     | app.main:lifespan:90 - 应用启动完成
2026-03-07 14:44:00 | INFO     | app.main:lifespan:95 - 正在关闭应用...
2026-03-07 14:44:00 | INFO     | app.main:lifespan:96 - 应用已关闭
2026-03-07 14:45:32 | INFO     | app.main:lifespan:95 - 正在关闭应用...
2026-03-07 14:45:32 | INFO     | app.main:lifespan:96 - 应用已关闭
2026-03-07 14:45:33 | INFO     | app.main:lifespan:77 - 正在启动应用...
2026-03-07 14:45:33 | INFO     | app.main:lifespan:86 - 数据库初始化完成
2026-03-07 14:45:33 | INFO     | app.main:lifespan:90 - 应用启动完成
2026-03-07 14:45:35 | INFO     | app.main:lifespan:77 - 正在启动应用...
2026-03-07 14:45:35 | INFO     | app.main:lifespan:86 - 数据库初始化完成
2026-03-07 14:45:35 | INFO     | app.main:lifespan:90 - 应用启动完成
2026-03-07 14:45:53 | INFO     | app.main:lifespan:95 - 正在关闭应用...
2026-03-07 14:45:53 | INFO     | app.main:lifespan:96 - 应用已关闭
2026-03-07 14:45:55 | INFO     | app.main:lifespan:77 - 正在启动应用...
2026-03-07 14:45:55 | INFO     | app.main:lifespan:86 - 数据库初始化完成
2026-03-07 14:45:55 | INFO     | app.main:lifespan:90 - 应用启动完成
2026-03-07 14:50:34 | INFO     | app.main:lifespan:95 - 正在关闭应用...
2026-03-07 14:50:34 | INFO     | app.main:lifespan:96 - 应用已关闭
2026-03-07 14:50:36 | INFO     | app.main:lifespan:77 - 正在启动应用...
2026-03-07 14:50:36 | INFO     | app.main:lifespan:86 - 数据库初始化完成
2026-03-07 14:50:36 | INFO     | app.main:lifespan:90 - 应用启动完成
2026-03-07 14:50:54 | INFO     | app.main:lifespan:95 - 正在关闭应用...
2026-03-07 14:50:54 | INFO     | app.main:lifespan:96 - 应用已关闭
2026-03-07 14:50:58 | INFO     | app.main:lifespan:77 - 正在启动应用...
2026-03-07 14:50:58 | INFO     | app.main:lifespan:86 - 数据库初始化完成
2026-03-07 14:50:58 | INFO     | app.main:lifespan:90 - 应用启动完成
2026-03-07 14:53:29 | INFO     | app.main:lifespan:77 - 正在启动应用...
2026-03-07 14:53:29 | INFO     | app.main:lifespan:86 - 数据库初始化完成
2026-03-07 14:53:29 | INFO     | app.main:lifespan:90 - 应用启动完成
2026-03-07 14:53:29 | INFO     | app.main:lifespan:95 - 正在关闭应用...
2026-03-07 14:53:29 | INFO     | app.main:lifespan:96 - 应用已关闭
2026-03-07 14:53:29 | INFO     | app.main:lifespan:77 - 正在启动应用...
2026-03-07 14:53:29 | INFO     | app.main:lifespan:86 - 数据库初始化完成
2026-03-07 14:53:29 | INFO     | app.main:lifespan:90 - 应用启动完成
2026-03-07 14:53:29 | INFO     | app.main:lifespan:95 - 正在关闭应用...
2026-03-07 14:53:29 | INFO     | app.main:lifespan:96 - 应用已关闭
2026-03-07 14:54:53 | INFO     | app.main:lifespan:77 - 正在启动应用...
2026-03-07 14:54:53 | INFO     | app.main:lifespan:86 - 数据库初始化完成
2026-03-07 14:54:53 | INFO     | app.main:lifespan:90 - 应用启动完成
2026-03-07 14:54:53 | INFO     | app.main:lifespan:95 - 正在关闭应用...
2026-03-07 14:54:53 | INFO     | app.main:lifespan:96 - 应用已关闭
2026-03-07 14:54:53 | INFO     | app.main:lifespan:77 - 正在启动应用...
2026-03-07 14:54:53 | INFO     | app.main:lifespan:86 - 数据库初始化完成
2026-03-07 14:54:53 | INFO     | app.main:lifespan:90 - 应用启动完成
2026-03-07 14:54:53 | INFO     | app.main:lifespan:95 - 正在关闭应用...
2026-03-07 14:54:53 | INFO     | app.main:lifespan:96 - 应用已关闭
2026-03-07 14:55:34 | INFO     | app.main:lifespan:95 - 正在关闭应用...
2026-03-07 14:55:34 | INFO     | app.main:lifespan:96 - 应用已关闭
2026-03-07 14:55:36 | INFO     | app.main:lifespan:77 - 正在启动应用...
2026-03-07 14:55:36 | INFO     | app.main:lifespan:86 - 数据库初始化完成
2026-03-07 14:55:36 | INFO     | app.main:lifespan:90 - 应用启动完成
2026-03-07 14:55:37 | INFO     | app.main:lifespan:77 - 正在启动应用...
2026-03-07 14:55:37 | INFO     | app.main:lifespan:86 - 数据库初始化完成
2026-03-07 14:55:37 | INFO     | app.main:lifespan:90 - 应用启动完成
2026-03-07 14:55:54 | INFO     | app.main:lifespan:95 - 正在关闭应用...
2026-03-07 14:55:54 | INFO     | app.main:lifespan:96 - 应用已关闭
2026-03-07 14:55:56 | INFO     | app.main:lifespan:77 - 正在启动应用...
2026-03-07 14:55:56 | INFO     | app.main:lifespan:86 - 数据库初始化完成
2026-03-07 14:55:56 | INFO     | app.main:lifespan:90 - 应用启动完成
2026-03-07 14:57:43 | INFO     | app.main:lifespan:95 - 正在关闭应用...
2026-03-07 14:57:43 | INFO     | app.main:lifespan:96 - 应用已关闭
2026-03-07 14:57:43 | INFO     | app.main:lifespan:95 - 正在关闭应用...
2026-03-07 14:57:43 | INFO     | app.main:lifespan:96 - 应用已关闭
2026-03-07 14:57:43 | INFO     | app.main:lifespan:95 - 正在关闭应用...
2026-03-07 14:57:43 | INFO     | app.main:lifespan:96 - 应用已关闭
2026-03-07 14:57:47 | INFO     | app.main:lifespan:77 - 正在启动应用...
2026-03-07 14:57:47 | INFO     | app.main:lifespan:86 - 数据库初始化完成
2026-03-07 14:57:47 | INFO     | app.main:lifespan:90 - 应用启动完成
2026-03-07 14:57:47 | INFO     | app.main:lifespan:95 - 正在关闭应用...
2026-03-07 14:57:47 | INFO     | app.main:lifespan:96 - 应用已关闭
2026-03-07 14:57:47 | INFO     | app.main:lifespan:77 - 正在启动应用...
2026-03-07 14:57:47 | INFO     | app.main:lifespan:86 - 数据库初始化完成
2026-03-07 14:57:47 | INFO     | app.main:lifespan:90 - 应用启动完成
2026-03-07 14:57:48 | INFO     | app.main:lifespan:95 - 正在关闭应用...
2026-03-07 14:57:48 | INFO     | app.main:lifespan:96 - 应用已关闭
2026-03-07 14:57:50 | INFO     | app.main:lifespan:77 - 正在启动应用...
2026-03-07 14:57:50 | INFO     | app.main:lifespan:86 - 数据库初始化完成
2026-03-07 14:57:50 | INFO     | app.main:lifespan:90 - 应用启动完成
2026-03-07 14:57:50 | INFO     | app.main:lifespan:77 - 正在启动应用...
2026-03-07 14:57:50 | INFO     | app.main:lifespan:86 - 数据库初始化完成
2026-03-07 14:57:50 | INFO     | app.main:lifespan:90 - 应用启动完成
2026-03-07 14:57:53 | INFO     | app.main:lifespan:77 - 正在启动应用...
2026-03-07 14:57:53 | INFO     | app.main:lifespan:86 - 数据库初始化完成
2026-03-07 14:57:53 | INFO     | app.main:lifespan:90 - 应用启动完成
2026-03-07 14:57:54 | INFO     | app.main:lifespan:77 - 正在启动应用...
2026-03-07 14:57:54 | INFO     | app.main:lifespan:86 - 数据库初始化完成
2026-03-07 14:57:54 | INFO     | app.main:lifespan:90 - 应用启动完成
2026-03-07 14:58:39 | INFO     | app.main:lifespan:95 - 正在关闭应用...
2026-03-07 14:58:39 | INFO     | app.main:lifespan:96 - 应用已关闭
2026-03-07 14:58:45 | INFO     | app.main:lifespan:77 - 正在启动应用...
2026-03-07 14:58:45 | INFO     | app.main:lifespan:86 - 数据库初始化完成
2026-03-07 14:58:45 | INFO     | app.main:lifespan:90 - 应用启动完成
2026-03-07 15:07:46 | INFO     | app.main:lifespan:95 - 正在关闭应用...
2026-03-07 15:07:46 | INFO     | app.main:lifespan:96 - 应用已关闭
2026-03-07 15:07:51 | INFO     | app.main:lifespan:77 - 正在启动应用...
2026-03-07 15:07:51 | INFO     | app.main:lifespan:86 - 数据库初始化完成
2026-03-07 15:07:51 | INFO     | app.main:lifespan:90 - 应用启动完成
2026-03-07 15:07:51 | INFO     | app.main:lifespan:95 - 正在关闭应用...
2026-03-07 15:07:51 | INFO     | app.main:lifespan:96 - 应用已关闭
2026-03-07 15:07:54 | INFO     | app.main:lifespan:77 - 正在启动应用...
2026-03-07 15:07:54 | INFO     | app.main:lifespan:86 - 数据库初始化完成
2026-03-07 15:07:54 | INFO     | app.main:lifespan:90 - 应用启动完成
2026-03-07 15:07:57 | INFO     | app.main:lifespan:77 - 正在启动应用...
2026-03-07 15:07:57 | INFO     | app.main:lifespan:86 - 数据库初始化完成
2026-03-07 15:07:57 | INFO     | app.main:lifespan:90 - 应用启动完成
2026-03-07 15:08:41 | INFO     | app.main:lifespan:95 - 正在关闭应用...
2026-03-07 15:08:41 | INFO     | app.main:lifespan:96 - 应用已关闭
2026-03-07 15:08:44 | INFO     | app.main:lifespan:77 - 正在启动应用...
2026-03-07 15:08:44 | INFO     | app.main:lifespan:86 - 数据库初始化完成
2026-03-07 15:08:44 | INFO     | app.main:lifespan:90 - 应用启动完成
2026-03-07 15:08:46 | INFO     | app.main:lifespan:77 - 正在启动应用...
2026-03-07 15:08:46 | INFO     | app.main:lifespan:86 - 数据库初始化完成
2026-03-07 15:08:46 | INFO     | app.main:lifespan:90 - 应用启动完成
2026-03-07 15:09:51 | INFO     | app.main:lifespan:77 - 正在启动应用...
2026-03-07 15:09:51 | INFO     | app.main:lifespan:86 - 数据库初始化完成
2026-03-07 15:09:51 | INFO     | app.main:lifespan:90 - 应用启动完成
2026-03-07 15:09:51 | INFO     | app.main:lifespan:95 - 正在关闭应用...
2026-03-07 15:09:51 | INFO     | app.main:lifespan:96 - 应用已关闭
2026-03-07 15:09:51 | INFO     | app.main:lifespan:77 - 正在启动应用...
2026-03-07 15:09:51 | INFO     | app.main:lifespan:86 - 数据库初始化完成
2026-03-07 15:09:51 | INFO     | app.main:lifespan:90 - 应用启动完成
2026-03-07 15:09:51 | INFO     | app.main:lifespan:95 - 正在关闭应用...
2026-03-07 15:09:51 | INFO     | app.main:lifespan:96 - 应用已关闭
2026-03-07 15:12:49 | INFO     | app.main:lifespan:95 - 正在关闭应用...
2026-03-07 15:12:49 | INFO     | app.main:lifespan:96 - 应用已关闭
2026-03-07 15:12:54 | INFO     | app.main:lifespan:77 - 正在启动应用...
2026-03-07 15:12:54 | INFO     | app.main:lifespan:86 - 数据库初始化完成
2026-03-07 15:12:54 | INFO     | app.main:lifespan:90 - 应用启动完成
2026-03-07 15:12:55 | INFO     | app.main:lifespan:95 - 正在关闭应用...
2026-03-07 15:12:55 | INFO     | app.main:lifespan:96 - 应用已关闭
2026-03-07 15:12:57 | INFO     | app.main:lifespan:77 - 正在启动应用...
2026-03-07 15:12:57 | INFO     | app.main:lifespan:86 - 数据库初始化完成
2026-03-07 15:12:57 | INFO     | app.main:lifespan:90 - 应用启动完成
2026-03-07 15:13:00 | INFO     | app.main:lifespan:77 - 正在启动应用...
2026-03-07 15:13:00 | INFO     | app.main:lifespan:86 - 数据库初始化完成
2026-03-07 15:13:00 | INFO     | app.main:lifespan:90 - 应用启动完成
2026-03-07 15:13:44 | INFO     | app.main:lifespan:95 - 正在关闭应用...
2026-03-07 15:13:44 | INFO     | app.main:lifespan:96 - 应用已关闭
2026-03-07 15:13:47 | INFO     | app.main:lifespan:77 - 正在启动应用...
2026-03-07 15:13:47 | INFO     | app.main:lifespan:86 - 数据库初始化完成
2026-03-07 15:13:47 | INFO     | app.main:lifespan:90 - 应用启动完成
2026-03-07 15:14:11 | INFO     | app.main:lifespan:77 - 正在启动应用...
2026-03-07 15:14:11 | INFO     | app.main:lifespan:86 - 数据库初始化完成
2026-03-07 15:14:11 | INFO     | app.main:lifespan:90 - 应用启动完成
2026-03-07 15:14:11 | INFO     | app.main:lifespan:95 - 正在关闭应用...
2026-03-07 15:14:11 | INFO     | app.main:lifespan:96 - 应用已关闭
2026-03-07 15:14:11 | INFO     | app.main:lifespan:77 - 正在启动应用...
2026-03-07 15:14:11 | INFO     | app.main:lifespan:86 - 数据库初始化完成
2026-03-07 15:14:11 | INFO     | app.main:lifespan:90 - 应用启动完成
2026-03-07 15:14:11 | INFO     | app.main:lifespan:95 - 正在关闭应用...
2026-03-07 15:14:11 | INFO     | app.main:lifespan:96 - 应用已关闭
2026-03-07 15:16:08 | INFO     | app.main:lifespan:77 - 正在启动应用...
2026-03-07 15:16:08 | INFO     | app.main:lifespan:86 - 数据库初始化完成
2026-03-07 15:16:08 | INFO     | app.main:lifespan:90 - 应用启动完成
2026-03-07 15:16:08 | INFO     | app.main:lifespan:95 - 正在关闭应用...
2026-03-07 15:16:08 | INFO     | app.main:lifespan:96 - 应用已关闭
2026-03-07 15:16:08 | INFO     | app.main:lifespan:77 - 正在启动应用...
2026-03-07 15:16:08 | INFO     | app.main:lifespan:86 - 数据库初始化完成
2026-03-07 15:16:08 | INFO     | app.main:lifespan:90 - 应用启动完成
2026-03-07 15:16:08 | INFO     | app.main:lifespan:95 - 正在关闭应用...
2026-03-07 15:16:08 | INFO     | app.main:lifespan:96 - 应用已关闭
2026-03-07 15:16:24 | INFO     | app.main:lifespan:95 - 正在关闭应用...
2026-03-07 15:16:24 | INFO     | app.main:lifespan:96 - 应用已关闭
2026-03-07 15:16:28 | INFO     | app.main:lifespan:77 - 正在启动应用...
2026-03-07 15:16:28 | INFO     | app.main:lifespan:86 - 数据库初始化完成
2026-03-07 15:16:28 | INFO     | app.main:lifespan:90 - 应用启动完成
2026-03-07 15:17:53 | INFO     | app.main:lifespan:95 - 正在关闭应用...
2026-03-07 15:17:53 | INFO     | app.main:lifespan:96 - 应用已关闭
2026-03-07 15:17:57 | INFO     | app.main:lifespan:77 - 正在启动应用...
2026-03-07 15:17:57 | INFO     | app.main:lifespan:86 - 数据库初始化完成
2026-03-07 15:17:57 | INFO     | app.main:lifespan:90 - 应用启动完成
2026-03-07 15:17:58 | INFO     | app.main:lifespan:95 - 正在关闭应用...
2026-03-07 15:17:58 | INFO     | app.main:lifespan:96 - 应用已关闭
2026-03-07 15:18:01 | INFO     | app.main:lifespan:77 - 正在启动应用...
2026-03-07 15:18:01 | INFO     | app.main:lifespan:86 - 数据库初始化完成
2026-03-07 15:18:01 | INFO     | app.main:lifespan:90 - 应用启动完成
2026-03-07 15:18:02 | INFO     | app.main:lifespan:77 - 正在启动应用...
2026-03-07 15:18:02 | INFO     | app.main:lifespan:86 - 数据库初始化完成
2026-03-07 15:18:02 | INFO     | app.main:lifespan:90 - 应用启动完成
2026-03-07 15:27:56 | INFO     | app.main:lifespan:95 - 正在关闭应用...
2026-03-07 15:27:56 | INFO     | app.main:lifespan:96 - 应用已关闭
2026-03-07 15:27:59 | INFO     | app.main:lifespan:77 - 正在启动应用...
2026-03-07 15:27:59 | INFO     | app.main:lifespan:86 - 数据库初始化完成
2026-03-07 15:27:59 | INFO     | app.main:lifespan:90 - 应用启动完成
2026-03-07 15:28:01 | INFO     | app.main:lifespan:95 - 正在关闭应用...
2026-03-07 15:28:01 | INFO     | app.main:lifespan:96 - 应用已关闭
2026-03-07 15:28:06 | INFO     | app.main:lifespan:77 - 正在启动应用...
2026-03-07 15:28:06 | INFO     | app.main:lifespan:86 - 数据库初始化完成
2026-03-07 15:28:06 | INFO     | app.main:lifespan:90 - 应用启动完成
2026-03-07 15:28:08 | INFO     | app.main:lifespan:77 - 正在启动应用...
2026-03-07 15:28:08 | INFO     | app.main:lifespan:86 - 数据库初始化完成
2026-03-07 15:28:08 | INFO     | app.main:lifespan:90 - 应用启动完成
2026-03-07 15:28:21 | INFO     | app.main:lifespan:77 - 正在启动应用...
2026-03-07 15:28:21 | INFO     | app.main:lifespan:86 - 数据库初始化完成
2026-03-07 15:28:21 | INFO     | app.main:lifespan:90 - 应用启动完成
2026-03-07 15:28:21 | INFO     | app.main:lifespan:95 - 正在关闭应用...
2026-03-07 15:28:21 | INFO     | app.main:lifespan:96 - 应用已关闭
2026-03-07 15:28:21 | INFO     | app.main:lifespan:77 - 正在启动应用...
2026-03-07 15:28:21 | INFO     | app.main:lifespan:86 - 数据库初始化完成
2026-03-07 15:28:21 | INFO     | app.main:lifespan:90 - 应用启动完成
2026-03-07 15:28:21 | INFO     | app.main:lifespan:95 - 正在关闭应用...
2026-03-07 15:28:21 | INFO     | app.main:lifespan:96 - 应用已关闭
2026-03-07 15:29:24 | INFO     | app.main:lifespan:95 - 正在关闭应用...
2026-03-07 15:29:24 | INFO     | app.main:lifespan:96 - 应用已关闭
2026-03-07 15:29:26 | INFO     | app.main:lifespan:77 - 正在启动应用...
2026-03-07 15:29:26 | INFO     | app.main:lifespan:86 - 数据库初始化完成
2026-03-07 15:29:26 | INFO     | app.main:lifespan:90 - 应用启动完成
2026-03-07 15:33:41 | INFO     | app.main:lifespan:95 - 正在关闭应用...
2026-03-07 15:33:41 | INFO     | app.main:lifespan:96 - 应用已关闭
2026-03-07 15:33:44 | INFO     | app.main:lifespan:77 - 正在启动应用...
2026-03-07 15:33:44 | INFO     | app.main:lifespan:86 - 数据库初始化完成
2026-03-07 15:33:44 | INFO     | app.main:lifespan:90 - 应用启动完成
2026-03-07 15:34:16 | INFO     | app.main:lifespan:77 - 正在启动应用...
2026-03-07 15:34:16 | INFO     | app.main:lifespan:86 - 数据库初始化完成
2026-03-07 15:34:16 | INFO     | app.main:lifespan:90 - 应用启动完成
2026-03-07 15:34:16 | INFO     | app.main:lifespan:95 - 正在关闭应用...
2026-03-07 15:34:16 | INFO     | app.main:lifespan:96 - 应用已关闭
2026-03-07 15:34:16 | INFO     | app.main:lifespan:77 - 正在启动应用...
2026-03-07 15:34:16 | INFO     | app.main:lifespan:86 - 数据库初始化完成
2026-03-07 15:34:16 | INFO     | app.main:lifespan:90 - 应用启动完成
2026-03-07 15:34:16 | INFO     | app.main:lifespan:95 - 正在关闭应用...
2026-03-07 15:34:16 | INFO     | app.main:lifespan:96 - 应用已关闭
2026-03-07 15:34:25 | INFO     | app.main:lifespan:95 - 正在关闭应用...
2026-03-07 15:34:25 | INFO     | app.main:lifespan:96 - 应用已关闭
2026-03-07 15:34:27 | INFO     | app.main:lifespan:77 - 正在启动应用...
2026-03-07 15:34:27 | INFO     | app.main:lifespan:86 - 数据库初始化完成
2026-03-07 15:34:27 | INFO     | app.main:lifespan:90 - 应用启动完成
2026-03-07 15:34:57 | INFO     | app.main:lifespan:77 - 正在启动应用...
2026-03-07 15:34:57 | INFO     | app.main:lifespan:86 - 数据库初始化完成
2026-03-07 15:34:57 | INFO     | app.main:lifespan:90 - 应用启动完成
2026-03-07 15:34:57 | INFO     | app.main:lifespan:95 - 正在关闭应用...
2026-03-07 15:34:57 | INFO     | app.main:lifespan:96 - 应用已关闭
2026-03-07 15:34:57 | INFO     | app.main:lifespan:77 - 正在启动应用...
2026-03-07 15:34:57 | INFO     | app.main:lifespan:86 - 数据库初始化完成
2026-03-07 15:34:57 | INFO     | app.main:lifespan:90 - 应用启动完成
2026-03-07 15:34:58 | INFO     | app.main:lifespan:95 - 正在关闭应用...
2026-03-07 15:34:58 | INFO     | app.main:lifespan:96 - 应用已关闭
2026-03-07 15:38:06 | INFO     | app.main:lifespan:95 - 正在关闭应用...
2026-03-07 15:38:06 | INFO     | app.main:lifespan:96 - 应用已关闭
2026-03-07 15:38:08 | INFO     | app.main:lifespan:77 - 正在启动应用...
2026-03-07 15:38:08 | INFO     | app.main:lifespan:86 - 数据库初始化完成
2026-03-07 15:38:08 | INFO     | app.main:lifespan:90 - 应用启动完成
2026-03-07 15:38:09 | INFO     | app.main:lifespan:77 - 正在启动应用...
2026-03-07 15:38:09 | INFO     | app.main:lifespan:86 - 数据库初始化完成
2026-03-07 15:38:09 | INFO     | app.main:lifespan:90 - 应用启动完成
2026-03-07 15:38:42 | INFO     | app.main:lifespan:95 - 正在关闭应用...
2026-03-07 15:38:42 | INFO     | app.main:lifespan:96 - 应用已关闭
2026-03-07 15:38:44 | INFO     | app.main:lifespan:77 - 正在启动应用...
2026-03-07 15:38:44 | INFO     | app.main:lifespan:86 - 数据库初始化完成
2026-03-07 15:38:44 | INFO     | app.main:lifespan:90 - 应用启动完成
2026-03-07 15:38:46 | INFO     | app.main:lifespan:77 - 正在启动应用...
2026-03-07 15:38:46 | INFO     | app.main:lifespan:86 - 数据库初始化完成
2026-03-07 15:38:46 | INFO     | app.main:lifespan:90 - 应用启动完成
2026-03-07 15:39:25 | INFO     | app.main:lifespan:95 - 正在关闭应用...
2026-03-07 15:39:25 | INFO     | app.main:lifespan:96 - 应用已关闭
2026-03-07 15:39:27 | INFO     | app.main:lifespan:77 - 正在启动应用...
2026-03-07 15:39:27 | INFO     | app.main:lifespan:86 - 数据库初始化完成
2026-03-07 15:39:27 | INFO     | app.main:lifespan:90 - 应用启动完成
2026-03-07 16:58:25 | INFO     | app.main:lifespan:77 - 正在启动应用...
2026-03-07 16:58:25 | INFO     | app.main:lifespan:86 - 数据库初始化完成
2026-03-07 16:58:25 | INFO     | app.main:lifespan:90 - 应用启动完成
2026-03-07 16:58:25 | INFO     | app.main:lifespan:95 - 正在关闭应用...
2026-03-07 16:58:25 | INFO     | app.main:lifespan:96 - 应用已关闭
2026-03-07 16:58:25 | INFO     | app.main:lifespan:77 - 正在启动应用...
2026-03-07 16:58:25 | INFO     | app.main:lifespan:86 - 数据库初始化完成
2026-03-07 16:58:25 | INFO     | app.main:lifespan:90 - 应用启动完成
2026-03-07 16:58:25 | INFO     | app.main:lifespan:95 - 正在关闭应用...
2026-03-07 16:58:25 | INFO     | app.main:lifespan:96 - 应用已关闭
2026-03-07 16:59:34 | INFO     | app.main:lifespan:95 - 正在关闭应用...
2026-03-07 16:59:34 | INFO     | app.main:lifespan:96 - 应用已关闭
2026-03-07 16:59:38 | INFO     | app.main:lifespan:77 - 正在启动应用...
2026-03-07 16:59:38 | INFO     | app.main:lifespan:86 - 数据库初始化完成
2026-03-07 16:59:38 | INFO     | app.main:lifespan:90 - 应用启动完成
2026-03-07 17:00:54 | INFO     | app.main:lifespan:95 - 正在关闭应用...
2026-03-07 17:00:54 | INFO     | app.main:lifespan:96 - 应用已关闭
2026-03-07 17:01:01 | INFO     | app.main:lifespan:77 - 正在启动应用...
2026-03-07 17:01:01 | INFO     | app.main:lifespan:86 - 数据库初始化完成
2026-03-07 17:01:01 | INFO     | app.main:lifespan:90 - 应用启动完成
2026-03-07 17:01:05 | INFO     | app.main:lifespan:95 - 正在关闭应用...
2026-03-07 17:01:05 | INFO     | app.main:lifespan:96 - 应用已关闭
2026-03-07 17:01:07 | INFO     | app.main:lifespan:77 - 正在启动应用...
2026-03-07 17:01:07 | INFO     | app.main:lifespan:86 - 数据库初始化完成
2026-03-07 17:01:07 | INFO     | app.main:lifespan:90 - 应用启动完成
2026-03-07 17:06:18 | INFO     | app.main:lifespan:77 - 正在启动应用...
2026-03-07 17:06:18 | INFO     | app.main:lifespan:86 - 数据库初始化完成
2026-03-07 17:06:18 | INFO     | app.main:lifespan:90 - 应用启动完成
2026-03-07 17:06:18 | INFO     | app.main:lifespan:95 - 正在关闭应用...
2026-03-07 17:06:18 | INFO     | app.main:lifespan:96 - 应用已关闭
2026-03-07 17:06:18 | INFO     | app.main:lifespan:77 - 正在启动应用...
2026-03-07 17:06:18 | INFO     | app.main:lifespan:86 - 数据库初始化完成
2026-03-07 17:06:18 | INFO     | app.main:lifespan:90 - 应用启动完成
2026-03-07 17:06:18 | INFO     | app.main:lifespan:95 - 正在关闭应用...
2026-03-07 17:06:18 | INFO     | app.main:lifespan:96 - 应用已关闭
2026-03-07 17:06:57 | INFO     | app.main:lifespan:95 - 正在关闭应用...
2026-03-07 17:06:57 | INFO     | app.main:lifespan:96 - 应用已关闭
2026-03-07 17:07:00 | INFO     | app.main:lifespan:77 - 正在启动应用...
2026-03-07 17:07:00 | INFO     | app.main:lifespan:86 - 数据库初始化完成
2026-03-07 17:07:00 | INFO     | app.main:lifespan:90 - 应用启动完成
2026-03-07 17:07:42 | INFO     | app.main:lifespan:95 - 正在关闭应用...
2026-03-07 17:07:42 | INFO     | app.main:lifespan:96 - 应用已关闭
2026-03-07 17:07:45 | INFO     | app.main:lifespan:77 - 正在启动应用...
2026-03-07 17:07:45 | INFO     | app.main:lifespan:86 - 数据库初始化完成
2026-03-07 17:07:45 | INFO     | app.main:lifespan:90 - 应用启动完成
2026-03-07 17:07:52 | INFO     | app.main:lifespan:95 - 正在关闭应用...
2026-03-07 17:07:52 | INFO     | app.main:lifespan:96 - 应用已关闭
2026-03-07 17:07:58 | INFO     | app.main:lifespan:77 - 正在启动应用...
2026-03-07 17:07:58 | INFO     | app.main:lifespan:86 - 数据库初始化完成
2026-03-07 17:07:58 | INFO     | app.main:lifespan:90 - 应用启动完成
2026-03-07 17:12:43 | INFO     | app.main:lifespan:95 - 正在关闭应用...
2026-03-07 17:12:43 | INFO     | app.main:lifespan:96 - 应用已关闭
2026-03-07 17:12:51 | INFO     | app.main:lifespan:77 - 正在启动应用...
2026-03-07 17:12:51 | INFO     | app.main:lifespan:86 - 数据库初始化完成
2026-03-07 17:12:51 | INFO     | app.main:lifespan:90 - 应用启动完成
2026-03-07 17:12:54 | INFO     | app.main:lifespan:95 - 正在关闭应用...
2026-03-07 17:12:54 | INFO     | app.main:lifespan:96 - 应用已关闭
2026-03-07 17:12:57 | INFO     | app.main:lifespan:77 - 正在启动应用...
2026-03-07 17:12:57 | INFO     | app.main:lifespan:86 - 数据库初始化完成
2026-03-07 17:12:57 | INFO     | app.main:lifespan:90 - 应用启动完成
2026-03-07 17:14:03 | INFO     | app.main:lifespan:77 - 正在启动应用...
2026-03-07 17:14:03 | INFO     | app.main:lifespan:86 - 数据库初始化完成
2026-03-07 17:14:03 | INFO     | app.main:lifespan:90 - 应用启动完成
2026-03-07 17:14:03 | INFO     | app.main:lifespan:95 - 正在关闭应用...
2026-03-07 17:14:03 | INFO     | app.main:lifespan:96 - 应用已关闭
2026-03-07 17:14:03 | INFO     | app.main:lifespan:77 - 正在启动应用...
2026-03-07 17:14:03 | INFO     | app.main:lifespan:86 - 数据库初始化完成
2026-03-07 17:14:03 | INFO     | app.main:lifespan:90 - 应用启动完成
2026-03-07 17:14:03 | INFO     | app.main:lifespan:95 - 正在关闭应用...
2026-03-07 17:14:03 | INFO     | app.main:lifespan:96 - 应用已关闭
2026-03-07 17:16:02 | INFO     | app.main:lifespan:95 - 正在关闭应用...
2026-03-07 17:16:02 | INFO     | app.main:lifespan:96 - 应用已关闭
2026-03-07 17:16:09 | INFO     | app.main:lifespan:77 - 正在启动应用...
2026-03-07 17:16:09 | INFO     | app.main:lifespan:86 - 数据库初始化完成
2026-03-07 17:16:09 | INFO     | app.main:lifespan:90 - 应用启动完成
2026-03-07 17:16:13 | INFO     | app.main:lifespan:95 - 正在关闭应用...
2026-03-07 17:16:13 | INFO     | app.main:lifespan:96 - 应用已关闭
2026-03-07 17:16:16 | INFO     | app.main:lifespan:77 - 正在启动应用...
2026-03-07 17:16:16 | INFO     | app.main:lifespan:86 - 数据库初始化完成
2026-03-07 17:16:16 | INFO     | app.main:lifespan:90 - 应用启动完成
2026-03-07 17:18:42 | INFO     | app.main:lifespan:95 - 正在关闭应用...
2026-03-07 17:18:42 | INFO     | app.main:lifespan:96 - 应用已关闭
2026-03-07 17:18:47 | INFO     | app.main:lifespan:77 - 正在启动应用...
2026-03-07 17:18:47 | INFO     | app.main:lifespan:86 - 数据库初始化完成
2026-03-07 17:18:47 | INFO     | app.main:lifespan:90 - 应用启动完成
2026-03-07 17:18:47 | INFO     | app.main:lifespan:95 - 正在关闭应用...
2026-03-07 17:18:47 | INFO     | app.main:lifespan:96 - 应用已关闭
2026-03-07 17:18:47 | INFO     | app.main:lifespan:77 - 正在启动应用...
2026-03-07 17:18:47 | INFO     | app.main:lifespan:86 - 数据库初始化完成
2026-03-07 17:18:47 | INFO     | app.main:lifespan:90 - 应用启动完成
2026-03-07 17:18:47 | INFO     | app.main:lifespan:95 - 正在关闭应用...
2026-03-07 17:18:47 | INFO     | app.main:lifespan:96 - 应用已关闭
2026-03-07 17:18:52 | INFO     | app.main:lifespan:77 - 正在启动应用...
2026-03-07 17:18:52 | INFO     | app.main:lifespan:86 - 数据库初始化完成
2026-03-07 17:18:52 | INFO     | app.main:lifespan:90 - 应用启动完成
2026-03-07 17:21:09 | INFO     | app.main:lifespan:95 - 正在关闭应用...
2026-03-07 17:21:09 | INFO     | app.main:lifespan:96 - 应用已关闭
2026-03-07 17:21:09 | INFO     | app.main:lifespan:95 - 正在关闭应用...
2026-03-07 17:21:09 | INFO     | app.main:lifespan:96 - 应用已关闭
2026-03-07 17:21:13 | INFO     | app.main:lifespan:77 - 正在启动应用...
2026-03-07 17:21:13 | INFO     | app.main:lifespan:86 - 数据库初始化完成
2026-03-07 17:21:13 | INFO     | app.main:lifespan:90 - 应用启动完成
2026-03-07 17:21:14 | INFO     | app.main:lifespan:77 - 正在启动应用...
2026-03-07 17:21:14 | INFO     | app.main:lifespan:86 - 数据库初始化完成
2026-03-07 17:21:14 | INFO     | app.main:lifespan:90 - 应用启动完成
2026-03-07 17:21:15 | INFO     | app.main:lifespan:77 - 正在启动应用...
2026-03-07 17:21:15 | INFO     | app.main:lifespan:86 - 数据库初始化完成
2026-03-07 17:21:15 | INFO     | app.main:lifespan:90 - 应用启动完成
2026-03-07 17:35:01 | INFO     | app.main:lifespan:95 - 正在关闭应用...
2026-03-07 17:35:01 | INFO     | app.main:lifespan:96 - 应用已关闭
2026-03-07 17:35:08 | INFO     | app.main:lifespan:77 - 正在启动应用...
2026-03-07 17:35:08 | INFO     | app.main:lifespan:86 - 数据库初始化完成
2026-03-07 17:35:08 | INFO     | app.main:lifespan:90 - 应用启动完成
2026-03-07 17:36:42 | WARNING  | app.services.wechat_user_service:_get_access_token:49 - wechat token fetch failed: {'errcode': 40164, 'errmsg': 'invalid ip 124.88.228.105 ipv6 ::ffff:124.88.228.105, not in whitelist rid: 69abf1aa-1d762696-0346c0c2'}
2026-03-07 17:36:47 | WARNING  | app.services.wechat_user_service:_get_access_token:49 - wechat token fetch failed: {'errcode': 40164, 'errmsg': 'invalid ip 124.88.228.105 ipv6 ::ffff:124.88.228.105, not in whitelist rid: 69abf1af-394b72fc-538ea9b7'}
2026-03-07 17:36:52 | WARNING  | app.services.wechat_user_service:_get_access_token:49 - wechat token fetch failed: {'errcode': 40164, 'errmsg': 'invalid ip 124.88.228.105 ipv6 ::ffff:124.88.228.105, not in whitelist rid: 69abf1b5-1f7d0237-000404ae'}
2026-03-07 17:40:46 | INFO     | app.main:lifespan:77 - 正在启动应用...
2026-03-07 17:40:46 | INFO     | app.main:lifespan:86 - 数据库初始化完成
2026-03-07 17:40:46 | INFO     | app.main:lifespan:90 - 应用启动完成
2026-03-07 17:40:46 | INFO     | app.main:lifespan:95 - 正在关闭应用...
2026-03-07 17:40:46 | INFO     | app.main:lifespan:96 - 应用已关闭
2026-03-07 17:40:46 | INFO     | app.main:lifespan:77 - 正在启动应用...
2026-03-07 17:40:46 | INFO     | app.main:lifespan:86 - 数据库初始化完成
2026-03-07 17:40:46 | INFO     | app.main:lifespan:90 - 应用启动完成
2026-03-07 17:40:46 | INFO     | app.main:lifespan:95 - 正在关闭应用...
2026-03-07 17:40:46 | INFO     | app.main:lifespan:96 - 应用已关闭
2026-03-07 17:41:04 | INFO     | app.main:lifespan:95 - 正在关闭应用...
2026-03-07 17:41:04 | INFO     | app.main:lifespan:96 - 应用已关闭
2026-03-07 17:41:09 | INFO     | app.main:lifespan:77 - 正在启动应用...
2026-03-07 17:41:09 | INFO     | app.main:lifespan:86 - 数据库初始化完成
2026-03-07 17:41:09 | INFO     | app.main:lifespan:90 - 应用启动完成
2026-03-07 17:42:38 | INFO     | app.main:lifespan:95 - 正在关闭应用...
2026-03-07 17:42:38 | INFO     | app.main:lifespan:96 - 应用已关闭
2026-03-07 17:42:45 | INFO     | app.main:lifespan:77 - 正在启动应用...
2026-03-07 17:42:45 | INFO     | app.main:lifespan:86 - 数据库初始化完成
2026-03-07 17:42:45 | INFO     | app.main:lifespan:90 - 应用启动完成
2026-03-07 17:43:13 | WARNING  | app.services.wechat_user_service:get_user_nickname:88 - wechat user info missing nickname: openid=oR_6I2wvQDyDCbTSJQQ99fEplR_o, body={'errcode': 48001, 'errmsg': 'api unauthorized rid: 69abf331-3edd1df5-5277af98'}
2026-03-07 17:43:20 | WARNING  | app.services.wechat_user_service:get_user_nickname:88 - wechat user info missing nickname: openid=oR_6I2wvQDyDCbTSJQQ99fEplR_o, body={'errcode': 48001, 'errmsg': 'api unauthorized rid: 69abf338-2dd39610-012d4c5e'}
2026-03-07 17:43:27 | WARNING  | app.services.wechat_user_service:get_user_nickname:88 - wechat user info missing nickname: openid=oR_6I2wvQDyDCbTSJQQ99fEplR_o, body={'errcode': 48001, 'errmsg': 'api unauthorized rid: 69abf33f-6f27b79d-6d677bd5'}
2026-03-07 17:43:32 | INFO     | app.main:lifespan:95 - 正在关闭应用...
2026-03-07 17:43:32 | INFO     | app.main:lifespan:96 - 应用已关闭
2026-03-07 17:43:38 | INFO     | app.main:lifespan:77 - 正在启动应用...
2026-03-07 17:43:38 | INFO     | app.main:lifespan:86 - 数据库初始化完成
2026-03-07 17:43:38 | INFO     | app.main:lifespan:90 - 应用启动完成
2026-03-07 17:47:24 | INFO     | app.routes.wechat:verify_callback:48 - wechat verify request: timestamp=1772876844, nonce_len=6, echostr_len=7
2026-03-07 17:47:24 | INFO     | app.routes.wechat:verify_callback:59 - wechat verify success
2026-03-07 17:48:48 | INFO     | app.routes.wechat:verify_callback:48 - wechat verify request: timestamp=1772876928, nonce_len=8, echostr_len=14
2026-03-07 17:48:48 | INFO     | app.routes.wechat:verify_callback:59 - wechat verify success
2026-03-07 17:48:48 | INFO     | app.routes.wechat:verify_callback:48 - wechat verify request: timestamp=1772876928, nonce_len=8, echostr_len=14
2026-03-07 17:48:48 | WARNING  | app.routes.wechat:verify_callback:55 - wechat verify failed: signature mismatch
2026-03-07 17:51:13 | INFO     | app.main:lifespan:95 - 正在关闭应用...
2026-03-07 17:51:13 | INFO     | app.main:lifespan:96 - 应用已关闭
2026-03-07 17:51:13 | INFO     | app.main:lifespan:95 - 正在关闭应用...
2026-03-07 17:51:13 | INFO     | app.main:lifespan:96 - 应用已关闭
2026-03-07 17:51:13 | INFO     | app.main:lifespan:95 - 正在关闭应用...
2026-03-07 17:51:13 | INFO     | app.main:lifespan:96 - 应用已关闭
2026-03-07 17:51:27 | INFO     | app.main:lifespan:77 - 正在启动应用...
2026-03-07 17:51:28 | INFO     | app.main:lifespan:86 - 数据库初始化完成
2026-03-07 17:51:28 | INFO     | app.main:lifespan:90 - 应用启动完成
2026-03-07 17:51:28 | INFO     | app.main:lifespan:77 - 正在启动应用...
2026-03-07 17:51:28 | INFO     | app.main:lifespan:86 - 数据库初始化完成
2026-03-07 17:51:28 | INFO     | app.main:lifespan:90 - 应用启动完成
2026-03-07 17:51:46 | INFO     | app.main:lifespan:77 - 正在启动应用...
2026-03-07 17:51:46 | INFO     | app.main:lifespan:86 - 数据库初始化完成
2026-03-07 17:51:46 | INFO     | app.main:lifespan:90 - 应用启动完成
2026-03-07 17:51:47 | INFO     | app.main:lifespan:77 - 正在启动应用...
2026-03-07 17:51:47 | INFO     | app.main:lifespan:86 - 数据库初始化完成
2026-03-07 17:51:47 | INFO     | app.main:lifespan:90 - 应用启动完成
2026-03-07 17:52:01 | INFO     | app.main:lifespan:77 - 正在启动应用...
2026-03-07 17:52:01 | INFO     | app.main:lifespan:86 - 数据库初始化完成
2026-03-07 17:52:01 | INFO     | app.main:lifespan:90 - 应用启动完成
2026-03-07 17:52:07 | INFO     | app.main:lifespan:77 - 正在启动应用...
2026-03-07 17:52:07 | INFO     | app.main:lifespan:86 - 数据库初始化完成
2026-03-07 17:52:07 | INFO     | app.main:lifespan:90 - 应用启动完成
2026-03-07 17:52:38 | INFO     | app.routes.wechat:verify_callback:55 - wechat verify request: timestamp=1772877158, nonce_len=8, echostr_len=14
2026-03-07 17:52:38 | INFO     | app.routes.wechat:verify_callback:66 - wechat verify success
2026-03-07 17:52:38 | INFO     | app.routes.wechat:verify_callback:55 - wechat verify request: timestamp=1772877158, nonce_len=8, echostr_len=14
2026-03-07 17:52:38 | WARNING  | app.routes.wechat:verify_callback:62 - wechat verify failed: signature mismatch
2026-03-07 17:52:38 | INFO     | app.routes.wechat:verify_callback:52 - wechat callback health check: client_ip=-
2026-03-07 17:54:25 | INFO     | app.routes.wechat:verify_callback:55 - wechat verify request: timestamp=1772877265, nonce_len=8, echostr_len=14
2026-03-07 17:54:25 | INFO     | app.routes.wechat:verify_callback:66 - wechat verify success
2026-03-07 17:54:25 | INFO     | app.routes.wechat:verify_callback:55 - wechat verify request: timestamp=1772877265, nonce_len=8, echostr_len=14
2026-03-07 17:54:25 | WARNING  | app.routes.wechat:verify_callback:62 - wechat verify failed: signature mismatch
2026-03-07 17:54:39 | INFO     | app.routes.wechat:verify_callback:52 - wechat callback health check: client_ip=127.0.0.1
2026-03-07 17:55:05 | INFO     | app.routes.wechat:verify_callback:52 - wechat callback health check: client_ip=127.0.0.1
2026-03-07 17:55:30 | INFO     | app.routes.wechat:verify_callback:52 - wechat callback health check: client_ip=127.0.0.1
2026-03-07 17:56:12 | INFO     | app.routes.wechat:verify_callback:52 - wechat callback health check: client_ip=127.0.0.1
2026-03-07 17:56:28 | INFO     | app.main:lifespan:95 - 正在关闭应用...
2026-03-07 17:56:28 | INFO     | app.main:lifespan:96 - 应用已关闭
2026-03-07 17:56:30 | INFO     | app.main:lifespan:95 - 正在关闭应用...
2026-03-07 17:56:30 | INFO     | app.main:lifespan:96 - 应用已关闭
2026-03-07 17:56:32 | INFO     | app.main:lifespan:77 - 正在启动应用...
2026-03-07 17:56:32 | INFO     | app.main:lifespan:86 - 数据库初始化完成
2026-03-07 17:56:32 | INFO     | app.main:lifespan:90 - 应用启动完成
2026-03-07 17:56:35 | INFO     | app.main:lifespan:77 - 正在启动应用...
2026-03-07 17:56:35 | INFO     | app.main:lifespan:86 - 数据库初始化完成
2026-03-07 17:56:35 | INFO     | app.main:lifespan:90 - 应用启动完成
2026-03-07 17:56:48 | INFO     | app.main:lifespan:95 - 正在关闭应用...
2026-03-07 17:56:48 | INFO     | app.main:lifespan:96 - 应用已关闭
2026-03-07 17:56:51 | INFO     | app.main:lifespan:77 - 正在启动应用...
2026-03-07 17:56:51 | INFO     | app.main:lifespan:86 - 数据库初始化完成
2026-03-07 17:56:51 | INFO     | app.main:lifespan:90 - 应用启动完成
2026-03-07 17:56:53 | INFO     | app.main:lifespan:77 - 正在启动应用...
2026-03-07 17:56:53 | INFO     | app.main:lifespan:86 - 数据库初始化完成
2026-03-07 17:56:53 | INFO     | app.main:lifespan:90 - 应用启动完成
2026-03-07 17:57:17 | INFO     | app.routes.wechat:verify_callback:55 - wechat verify request: timestamp=1772877437, nonce_len=8, echostr_len=14
2026-03-07 17:57:17 | INFO     | app.routes.wechat:verify_callback:66 - wechat verify success
2026-03-07 17:57:17 | INFO     | app.routes.wechat:verify_callback:55 - wechat verify request: timestamp=1772877437, nonce_len=8, echostr_len=14
2026-03-07 17:57:17 | WARNING  | app.routes.wechat:verify_callback:62 - wechat verify failed: signature mismatch
2026-03-07 17:57:19 | INFO     | app.routes.wechat:verify_callback:52 - wechat callback health check: client_ip=127.0.0.1
2026-03-07 17:57:42 | INFO     | app.main:lifespan:95 - 正在关闭应用...
2026-03-07 17:57:42 | INFO     | app.main:lifespan:96 - 应用已关闭
2026-03-07 17:57:45 | INFO     | app.main:lifespan:77 - 正在启动应用...
2026-03-07 17:57:45 | INFO     | app.main:lifespan:86 - 数据库初始化完成
2026-03-07 17:57:45 | INFO     | app.main:lifespan:90 - 应用启动完成
2026-03-07 17:58:26 | INFO     | app.main:lifespan:95 - 正在关闭应用...
2026-03-07 17:58:26 | INFO     | app.main:lifespan:96 - 应用已关闭
2026-03-07 17:58:32 | INFO     | app.main:lifespan:77 - 正在启动应用...
2026-03-07 17:58:32 | INFO     | app.main:lifespan:86 - 数据库初始化完成
2026-03-07 17:58:32 | INFO     | app.main:lifespan:90 - 应用启动完成
2026-03-07 17:58:32 | INFO     | app.main:lifespan:95 - 正在关闭应用...
2026-03-07 17:58:32 | INFO     | app.main:lifespan:96 - 应用已关闭
2026-03-07 17:58:51 | INFO     | app.main:lifespan:77 - 正在启动应用...
2026-03-07 17:58:51 | INFO     | app.main:lifespan:86 - 数据库初始化完成
2026-03-07 17:58:51 | INFO     | app.main:lifespan:90 - 应用启动完成
2026-03-07 17:58:51 | INFO     | app.main:lifespan:95 - 正在关闭应用...
2026-03-07 17:58:51 | INFO     | app.main:lifespan:96 - 应用已关闭
2026-03-07 17:59:35 | INFO     | app.main:lifespan:95 - 正在关闭应用...
2026-03-07 17:59:35 | INFO     | app.main:lifespan:96 - 应用已关闭
2026-03-07 18:00:14 | INFO     | app.routes.wechat:verify_callback:52 - wechat callback health check: client_ip=127.0.0.1
2026-03-07 18:00:19 | INFO     | app.routes.wechat:verify_callback:52 - wechat callback health check: client_ip=127.0.0.1
2026-03-07 18:01:32 | INFO     | app.main:lifespan:95 - 正在关闭应用...
2026-03-07 18:01:32 | INFO     | app.main:lifespan:96 - 应用已关闭
2026-03-07 18:01:34 | INFO     | app.main:lifespan:77 - 正在启动应用...
2026-03-07 18:01:34 | INFO     | app.main:lifespan:86 - 数据库初始化完成
2026-03-07 18:01:34 | INFO     | app.main:lifespan:90 - 应用启动完成
2026-03-07 18:05:09 | INFO     | app.main:lifespan:77 - 正在启动应用...
2026-03-07 18:05:09 | INFO     | app.main:lifespan:86 - 数据库初始化完成
2026-03-07 18:05:09 | INFO     | app.main:lifespan:90 - 应用启动完成
2026-03-07 18:07:50 | INFO     | app.main:lifespan:77 - 正在启动应用...
2026-03-07 18:07:50 | INFO     | app.main:lifespan:86 - 数据库初始化完成
2026-03-07 18:07:50 | INFO     | app.main:lifespan:90 - 应用启动完成
2026-03-07 18:08:59 | INFO     | app.routes.wechat:verify_callback:52 - wechat callback health check: client_ip=127.0.0.1
2026-03-07 18:11:40 | INFO     | app.routes.wechat:verify_callback:52 - wechat callback health check: client_ip=127.0.0.1
2026-03-07 18:11:41 | INFO     | app.routes.wechat:verify_callback:52 - wechat callback health check: client_ip=127.0.0.1
2026-03-07 18:20:58 | WARNING  | app.services.wechat_user_service:_fetch_and_cache_nickname:80 - wechat user info missing nickname: openid=oR_6I2wvQDyDCbTSJQQ99fEplR_o, body={'errcode': 48001, 'errmsg': 'api unauthorized rid: 69abfc0a-7a4a9a72-334c73eb'}
2026-03-07 18:27:03 | INFO     | app.main:lifespan:95 - 正在关闭应用...
2026-03-07 18:27:03 | INFO     | app.main:lifespan:96 - 应用已关闭
2026-03-07 18:27:10 | INFO     | app.main:lifespan:77 - 正在启动应用...
2026-03-07 18:27:10 | INFO     | app.main:lifespan:86 - 数据库初始化完成
2026-03-07 18:27:10 | INFO     | app.main:lifespan:90 - 应用启动完成
2026-03-07 18:28:16 | WARNING  | app.services.wechat_user_service:_fetch_and_cache_nickname:80 - wechat user info missing nickname: openid=oR_6I2wvQDyDCbTSJQQ99fEplR_o, body={'errcode': 48001, 'errmsg': 'api unauthorized rid: 69abfdc1-10f331d0-55b74595'}
2026-03-07 18:50:03 | INFO     | app.main:lifespan:95 - 正在关闭应用...
2026-03-07 18:50:03 | INFO     | app.main:lifespan:96 - 应用已关闭
2026-03-07 18:50:10 | INFO     | app.main:lifespan:77 - 正在启动应用...
2026-03-07 18:50:10 | INFO     | app.main:lifespan:86 - 数据库初始化完成
2026-03-07 18:50:10 | INFO     | app.main:lifespan:90 - 应用启动完成
2026-03-07 18:51:29 | WARNING  | app.services.wechat_user_service:_fetch_and_cache_nickname:80 - wechat user info missing nickname: openid=oR_6I2wvQDyDCbTSJQQ99fEplR_o, body={'errcode': 48001, 'errmsg': 'api unauthorized rid: 69ac0332-055be7a1-71be099f'}
2026-03-07 19:03:49 | INFO     | app.main:lifespan:95 - 正在关闭应用...
2026-03-07 19:03:49 | INFO     | app.main:lifespan:96 - 应用已关闭
2026-03-07 19:03:57 | INFO     | app.main:lifespan:77 - 正在启动应用...
2026-03-07 19:03:57 | INFO     | app.main:lifespan:86 - 数据库初始化完成
2026-03-07 19:03:57 | INFO     | app.main:lifespan:90 - 应用启动完成
2026-03-07 19:06:36 | INFO     | app.main:lifespan:95 - 正在关闭应用...
2026-03-07 19:06:36 | INFO     | app.main:lifespan:96 - 应用已关闭
2026-03-07 19:06:43 | INFO     | app.main:lifespan:77 - 正在启动应用...
2026-03-07 19:06:43 | INFO     | app.main:lifespan:86 - 数据库初始化完成
2026-03-07 19:06:43 | INFO     | app.main:lifespan:90 - 应用启动完成
2026-03-07 19:11:22 | INFO     | app.main:lifespan:95 - 正在关闭应用...
2026-03-07 19:11:22 | INFO     | app.main:lifespan:96 - 应用已关闭
2026-03-07 19:11:29 | INFO     | app.main:lifespan:77 - 正在启动应用...
2026-03-07 19:11:29 | INFO     | app.main:lifespan:86 - 数据库初始化完成
2026-03-07 19:11:29 | INFO     | app.main:lifespan:90 - 应用启动完成
2026-03-07 19:12:11 | WARNING  | app.services.wechat_user_service:_fetch_and_cache_nickname:80 - wechat user info missing nickname: openid=oR_6I2wvQDyDCbTSJQQ99fEplR_o, body={'errcode': 48001, 'errmsg': 'api unauthorized rid: 69ac080c-0687aa12-013786fb'}
